rs17376848 2786
0       rs17376848
1        rs2297595
2        rs1801265
3        rs1801160
4        rs1801159
           ...    
2781        rs5569
2782     rs2075252
2783     rs1799724
2784    rs11212617
2785    rs17708472
Name: variant, Length: 2786, dtype: object
0       rs17376848
1        rs2297595
2        rs1801265
3        rs1801160
4        rs1801159
           ...    
2781        rs5569
2782     rs2075252
2783     rs1799724
2784    rs11212617
2785    rs17708472
Name: variant, Length: 2786, dtype: object
0       rs17376848
1        rs2297595
2        rs1801265
3        rs1801160
4        rs1801159
           ...    
2781        rs5569
2782     rs2075252
2783     rs1799724
2784    rs11212617
2785    rs17708472
Name: variant, Length: 2786, dtype: object
0       rs17376848
1        rs2297595
2        rs1801265
3        rs1801160
4        rs1801159
           ...    
2781        rs5569
2782     rs2075252
2783     rs1799724
2784    rs11212617
2785    rs17708472
Name: variant, Length: 2786, dtype: object
0       rs17376848
1        rs2297595
2        rs1801265
3        rs1801160
4        rs1801159
           ...    
2781        rs5569
2782     rs2075252
2783     rs1799724
2784    rs11212617
2785    rs17708472
Name: variant, Length: 2786, dtype: object
0       rs17376848
1        rs2297595
2        rs1801265
3        rs1801160
4        rs1801159
           ...    
2781        rs5569
2782     rs2075252
2783     rs1799724
2784    rs11212617
2785    rs17708472
Name: variant, Length: 2786, dtype: object
1
2
3
4
5
6
