chr1	11166592	11167557	MTOR	E58
chr1	11199361	11199492	MTOR	E36
chr1	11199590	11199715	MTOR	E35
chr1	11204705	11204812	MTOR	E34
chr1	11259315	11259460	MTOR	E28
chr1	26772807	26772923	DHDDS	E5
chr1	162749902	162757195	DDR2	E18
chr1	204518241	204527248	MDM4	E11
chr2	29293460	29297389	PCARE	E1
chr3	10145621	10146466	FANCD2OS	E2
chr3	10149699	10149939	FANCD2OS	E1
chr3	37026534	37034622	EPM2AIP1	E1
chr3	37048482	37048554	MLH1	E5
chr3	142496474	142496605	TRPC1	E5
chr3	142499676	142499871	TRPC1	E6
chr3	142522819	142523020	TRPC1	E11
chr4	1801474	1801539	FGFR3	E4
chr4	1803094	1803263	FGFR3	E5
chr4	1803562	1803752	FGFR3	E7
chr4	1805419	1805563	FGFR3	E8
chr4	1806057	1806247	FGFR3	E9
chr4	1806551	1806696	FGFR3	E10
chr4	1807082	1807203	FGFR3	E11
chr4	1807286	1807396	FGFR3	E12
chr4	25664327	25664464	SLC34A2	E3
chr4	25665824	25665952	SLC34A2	E4
chr4	55095460	55095582	PDGFRA	E1
chr5	218435	218533	SDHA	E1
chr5	224475	224636	SDHA	E3
chr5	225534	225677	SDHA	E4
chr5	225998	226162	SDHA	E5
chr5	228300	228448	SDHA	E6
chr5	230991	231115	SDHA	E7
chr5	233592	233760	SDHA	E8
chr5	235259	235454	SDHA	E9
chr5	236543	236714	SDHA	E10
chr5	240473	240591	SDHA	E11
chr5	251453	251583	SDHA	E13
chr5	254508	254621	SDHA	E14
chr5	1294886	1295183	TERT	E1
chr5	7870883	7871036	MTRR	E2
chr5	150056269	150058930	MYOZ3	E7
chr6	18128545	18131011	TPMT	E9
chr6	32816767	32816895	TAP1	E6
chr7	92774698	92775353	SAMD9L	E3
chr7	116739816	116739898	ST7	E2
chr7	116769847	116769901	ST7	E4
chr7	116771939	116772014	ST7	E6
chr9	5021963	5022213	JAK2	E3
chr9	5029783	5029906	JAK2	E4
chr9	5044403	5044520	JAK2	E5
chr9	5050686	5050831	JAK2	E6
chr9	5054563	5054884	JAK2	E7
chr9	5055669	5055788	JAK2	E8
chr9	5064883	5065040	JAK2	E9
chr9	5066678	5066789	JAK2	E10
chr9	5069022	5069208	JAK2	E11
chr9	5069925	5070052	JAK2	E12
chr9	5072492	5072626	JAK2	E13
chr9	5073698	5073785	JAK2	E14
chr9	5077453	5077580	JAK2	E15
chr9	5078306	5078444	JAK2	E16
chr9	5080229	5080380	JAK2	E17
chr9	5080533	5080683	JAK2	E18
chr9	5081725	5081861	JAK2	E19
chr9	5089674	5089863	JAK2	E20
chr9	5090446	5090570	JAK2	E21
chr9	5090739	5090911	JAK2	E22
chr9	5123004	5123121	JAK2	E23
chr9	5126333	5126446	JAK2	E24
chr9	5126684	5129944	JAK2	E25
chr9	21967751	21968241	CDKN2A	E3
chr9	21970901	21971207	CDKN2A	E2
chr9	21974677	21974856	CDKN2A	E1
chr9	136501485	136501832	DBH	E1
chr9	136504968	136505114	DBH	E2
chr9	136507329	136507586	DBH	E3
chr9	136512968	136513134	DBH	E6
chr9	136517368	136517406	DBH	E8
chr9	136518062	136518121	DBH	E9
chr9	136523438	136524451	DBH	E12
chr11	532631	532755	HRAS	E5
chr11	533453	533612	HRAS	E4
chr11	533766	533944	HRAS	E3
chr11	534212	534375	HRAS	E2
chr11	108235809	108235945	ATM	E62
chr11	108236052	108239829	ATM	E63
chr11	108253482	108253902	C11orf65	E9
chr12	56086628	56086759	ITGA7	E21
chr12	56087805	56087907	ITGA7	E19
chr12	56088040	56088114	ITGA7	E18
chr12	56088562	56088754	ITGA7	E15
chr12	56093654	56093773	ITGA7	E5
chr12	56096835	56096962	ITGA7	E2
chr12	56101261	56101688	ITGA7	E1
chr13	32332395	32332541	RXFP2	E2
chr13	32339174	32339279	RXFP2	E4
chr13	32340093	32340164	RXFP2	E5
chr13	32363259	32363330	RXFP2	E14
chr13	32376283	32377526	RXFP2	E18
chr14	75018890	75019096	LTBP2	E6
chr16	2047655	2048586	ZNF598	E14
chr16	2048703	2048853	ZNF598	E13
chr16	2050392	2050482	ZNF598	E10
chr16	2079583	2079783	NHERF2	E2
chr16	2086325	2086504	NHERF2	E3
chr16	2086729	2086882	NHERF2	E4
chr16	2087827	2089027	NHERF2	E7
chr16	23635330	23635415	PALB2	E8
chr16	23640961	23641790	PALB2	E5
chr16	69711106	69711238	NFAT5	E10
chr16	89805290	89805382	FANCA	E42
chr16	89816138	89816310	FANCA	E32
chr17	31258345	31258420	TMEM98	E2
chr17	31258493	31258677	TMEM98	E3
chr17	31260192	31260323	TMEM98	E4
chr17	31340106	31341084	ASIC2	E10
chr17	31342989	31343057	ASIC2	E9
chr17	39519750	39520205	KRT33B	E7
chr17	39525655	39526065	KRT33B	E1
chr17	39723485	39724002	KRT9	E7
chr17	39724760	39724885	KRT9	E5
chr17	39725678	39725839	KRT9	E4
chr17	39727603	39728311	KRT9	E1
chr17	58733960	58734202	PPM1D	E5
chr17	61683673	61683800	TACO1	E3
chr17	61685162	61685725	TACO1	E5
chr17	61780192	61781111	STRADA	E13
chr17	61781701	61781942	STRADA	E11
chr18	672860	673577	TYMS	E7
chr18	51056934	51062268	DCC	E29
chr19	1205777	1207202	STK11	E1
chr19	1218416	1218499	STK11	E2
chr19	1219323	1219412	STK11	E3
chr19	1220372	1220504	STK11	E4
chr19	1220580	1220716	STK11	E5
chr19	1221212	1221339	STK11	E6
chr19	1221948	1222005	STK11	E7
chr19	1222984	1223171	STK11	E8
chr19	1226453	1226662	STK11	E9
chr19	1227592	1228430	STK11	E10
chr19	3094360	3094785	GNA11	E1
chr19	3110147	3110331	GNA11	E2
chr19	3113328	3113482	GNA11	E3
chr19	3114942	3115070	GNA11	E4
chr19	3118922	3119051	GNA11	E5
chr19	3119204	3119357	GNA11	E6
chr19	3120987	3123996	GNA11	E7
chr19	50399072	50399310	IL4I1	E3
chr19	50399405	50399439	IL4I1	E2
