chr1	11166592	11167557	MTOR	NM_004958	-	exon_58
chr1	11199361	11199492	MTOR	NM_004958	-	exon_36
chr1	11199590	11199715	MTOR	NM_004958	-	exon_35
chr1	11199590	11199715	MTOR	NM_004958	-	exon_35
chr1	11204705	11204812	MTOR	NM_004958	-	exon_34
chr1	11259315	11259460	MTOR	NM_004958	-	exon_28
chr1	11259315	11259460	MTOR	NM_004958	-	exon_28
chr1	26772807	26772923	DHDDS	NM_205861	+	exon_5
chr1	26772807	26772923	DHDDS	NM_205861	+	exon_5
chr1	162749902	162757195	DDR2	NM_006182	+	exon_18
chr1	162749902	162757195	DDR2	NM_006182	+	exon_18
chr1	162749902	162757195	DDR2	NM_006182	+	exon_18
chr1	162749902	162757195	DDR2	NM_006182	+	exon_18
chr1	162749902	162757195	DDR2	NM_006182	+	exon_18
chr1	162749902	162757195	DDR2	NM_006182	+	exon_18
chr1	204518241	204527248	MDM4	NM_002393	+	exon_11
chr1	204518241	204527248	MDM4	NM_002393	+	exon_11
chr2	29293460	29297389	PCARE	NM_001029883	-	exon_1
chr2	29293460	29297389	PCARE	NM_001029883	-	exon_1
chr3	10145621	10146466	FANCD2OS	NM_001164839	-	exon_2
chr3	10149699	10149939	FANCD2OS	NM_001164839	-	exon_1
chr3	10149699	10149939	FANCD2OS	NM_001164839	-	exon_1
chr3	37026534	37034622	EPM2AIP1	NM_014805	-	exon_1
chr3	37026534	37034622	EPM2AIP1	NM_014805	-	exon_1
chr3	37026534	37034622	EPM2AIP1	NM_014805	-	exon_1
chr3	37026534	37034622	EPM2AIP1	NM_014805	-	exon_1
chr3	37048482	37048554	MLH1	NM_000249	+	exon_5
chr3	142496474	142496605	TRPC1	NM_001251845	+	exon_5
chr3	142499676	142499871	TRPC1	NM_001251845	+	exon_6
chr3	142522819	142523020	TRPC1	NM_001251845	+	exon_11
chr4	1801474	1801539	FGFR3	NM_000142	+	exon_4
chr4	1801474	1801539	FGFR3	NM_000142	+	exon_4
chr4	1803094	1803263	FGFR3	NM_000142	+	exon_5
chr4	1803562	1803752	FGFR3	NM_000142	+	exon_7
chr4	1803562	1803752	FGFR3	NM_000142	+	exon_7
chr4	1805419	1805563	FGFR3	NM_000142	+	exon_8
chr4	1805419	1805563	FGFR3	NM_000142	+	exon_8
chr4	1806057	1806247	FGFR3	NM_000142	+	exon_9
chr4	1806057	1806247	FGFR3	NM_000142	+	exon_9
chr4	1806057	1806247	FGFR3	NM_000142	+	exon_9
chr4	1806551	1806696	FGFR3	NM_000142	+	exon_10
chr4	1806551	1806696	FGFR3	NM_000142	+	exon_10
chr4	1807082	1807203	FGFR3	NM_000142	+	exon_11
chr4	1807082	1807203	FGFR3	NM_000142	+	exon_11
chr4	1807286	1807396	FGFR3	NM_000142	+	exon_12
chr4	25664327	25664464	SLC34A2	NM_006424	+	exon_3
chr4	25664327	25664464	SLC34A2	NM_006424	+	exon_3
chr4	25664327	25664464	SLC34A2	NM_006424	+	exon_3
chr4	25664327	25664464	SLC34A2	NM_006424	+	exon_3
chr4	25665824	25665952	SLC34A2	NM_006424	+	exon_4
chr4	25665824	25665952	SLC34A2	NM_006424	+	exon_4
chr4	25665824	25665952	SLC34A2	NM_006424	+	exon_4
chr4	25665824	25665952	SLC34A2	NM_006424	+	exon_4
chr4	25665824	25665952	SLC34A2	NM_006424	+	exon_4
chr4	55095460	55095582	PDGFRA	NM_006206	+	exon_1
chr5	218435	218533	SDHA	NM_004168	+	exon_1
chr5	224475	224636	SDHA	NM_004168	+	exon_3
chr5	225534	225677	SDHA	NM_004168	+	exon_4
chr5	225998	226162	SDHA	NM_004168	+	exon_5
chr5	228300	228448	SDHA	NM_004168	+	exon_6
chr5	230991	231115	SDHA	NM_004168	+	exon_7
chr5	233592	233760	SDHA	NM_004168	+	exon_8
chr5	235259	235454	SDHA	NM_004168	+	exon_9
chr5	236543	236714	SDHA	NM_004168	+	exon_10
chr5	240473	240591	SDHA	NM_004168	+	exon_11
chr5	251453	251583	SDHA	NM_004168	+	exon_13
chr5	251453	251583	SDHA	NM_004168	+	exon_13
chr5	254508	254621	SDHA	NM_004168	+	exon_14
chr5	1294886	1295183	TERT	NM_198253	-	exon_1
chr5	1294886	1295183	TERT	NM_198253	-	exon_1
chr5	7870883	7871036	MTRR	NM_002454	+	exon_2
chr5	150056269	150058930	MYOZ3	NM_001122853	+	exon_7
chr5	150056269	150058930	MYOZ3	NM_001122853	+	exon_7
chr5	150056269	150058930	MYOZ3	NM_001122853	+	exon_7
chr5	150056269	150058930	MYOZ3	NM_001122853	+	exon_7
chr5	150056269	150058930	MYOZ3	NM_001122853	+	exon_7
chr6	18128545	18131011	TPMT	NM_000367	-	exon_9
chr6	32816767	32816895	TAP1	NM_000593	-	exon_6
chr7	92774698	92775353	SAMD9L	NM_152703	-	exon_3
chr7	92774698	92775353	SAMD9L	NM_152703	-	exon_3
chr7	116739816	116739898	ST7	NM_001369598	+	exon_2
chr7	116769847	116769901	ST7	NM_001369598	+	exon_4
chr7	116771939	116772014	ST7	NM_001369598	+	exon_6
chr7	116771939	116772014	ST7	NM_001369598	+	exon_6
chr9	5021963	5022213	JAK2	NM_004972	+	exon_3
chr9	5021963	5022213	JAK2	NM_004972	+	exon_3
chr9	5029783	5029906	JAK2	NM_004972	+	exon_4
chr9	5029783	5029906	JAK2	NM_004972	+	exon_4
chr9	5044403	5044520	JAK2	NM_004972	+	exon_5
chr9	5050686	5050831	JAK2	NM_004972	+	exon_6
chr9	5050686	5050831	JAK2	NM_004972	+	exon_6
chr9	5054563	5054884	JAK2	NM_004972	+	exon_7
chr9	5054563	5054884	JAK2	NM_004972	+	exon_7
chr9	5054563	5054884	JAK2	NM_004972	+	exon_7
chr9	5055669	5055788	JAK2	NM_004972	+	exon_8
chr9	5064883	5065040	JAK2	NM_004972	+	exon_9
chr9	5064883	5065040	JAK2	NM_004972	+	exon_9
chr9	5066678	5066789	JAK2	NM_004972	+	exon_10
chr9	5069022	5069208	JAK2	NM_004972	+	exon_11
chr9	5069022	5069208	JAK2	NM_004972	+	exon_11
chr9	5069925	5070052	JAK2	NM_004972	+	exon_12
chr9	5069925	5070052	JAK2	NM_004972	+	exon_12
chr9	5072492	5072626	JAK2	NM_004972	+	exon_13
chr9	5072492	5072626	JAK2	NM_004972	+	exon_13
chr9	5073698	5073785	JAK2	NM_004972	+	exon_14
chr9	5077453	5077580	JAK2	NM_004972	+	exon_15
chr9	5077453	5077580	JAK2	NM_004972	+	exon_15
chr9	5078306	5078444	JAK2	NM_004972	+	exon_16
chr9	5078306	5078444	JAK2	NM_004972	+	exon_16
chr9	5080229	5080380	JAK2	NM_004972	+	exon_17
chr9	5080229	5080380	JAK2	NM_004972	+	exon_17
chr9	5080533	5080683	JAK2	NM_004972	+	exon_18
chr9	5080533	5080683	JAK2	NM_004972	+	exon_18
chr9	5081725	5081861	JAK2	NM_004972	+	exon_19
chr9	5081725	5081861	JAK2	NM_004972	+	exon_19
chr9	5089674	5089863	JAK2	NM_004972	+	exon_20
chr9	5089674	5089863	JAK2	NM_004972	+	exon_20
chr9	5090446	5090570	JAK2	NM_004972	+	exon_21
chr9	5090446	5090570	JAK2	NM_004972	+	exon_21
chr9	5090739	5090911	JAK2	NM_004972	+	exon_22
chr9	5090739	5090911	JAK2	NM_004972	+	exon_22
chr9	5123004	5123121	JAK2	NM_004972	+	exon_23
chr9	5126333	5126446	JAK2	NM_004972	+	exon_24
chr9	5126684	5129944	JAK2	NM_004972	+	exon_25
chr9	21967751	21968241	CDKN2A	NM_000077	-	exon_3
chr9	21970901	21971207	CDKN2A	NM_000077	-	exon_2
chr9	21970901	21971207	CDKN2A	NM_000077	-	exon_2
chr9	21970901	21971207	CDKN2A	NM_000077	-	exon_2
chr9	21974677	21974856	CDKN2A	NM_000077	-	exon_1
chr9	21974677	21974856	CDKN2A	NM_000077	-	exon_1
chr9	136501485	136501832	DBH	NM_000787	+	exon_1
chr9	136501485	136501832	DBH	NM_000787	+	exon_1
chr9	136504968	136505114	DBH	NM_000787	+	exon_2
chr9	136504968	136505114	DBH	NM_000787	+	exon_2
chr9	136507329	136507586	DBH	NM_000787	+	exon_3
chr9	136507329	136507586	DBH	NM_000787	+	exon_3
chr9	136512968	136513134	DBH	NM_000787	+	exon_6
chr9	136517368	136517406	DBH	NM_000787	+	exon_8
chr9	136518062	136518121	DBH	NM_000787	+	exon_9
chr9	136523438	136524451	DBH	NM_000787	+	exon_12
chr9	136523438	136524451	DBH	NM_000787	+	exon_12
chr9	136523438	136524451	DBH	NM_000787	+	exon_12
chr11	532631	532755	HRAS	NM_005343	-	exon_5
chr11	533453	533612	HRAS	NM_005343	-	exon_4
chr11	533453	533612	HRAS	NM_005343	-	exon_4
chr11	533766	533944	HRAS	NM_005343	-	exon_3
chr11	533766	533944	HRAS	NM_005343	-	exon_3
chr11	534212	534375	HRAS	NM_005343	-	exon_2
chr11	108235809	108235945	ATM	NM_000051	+	exon_62
chr11	108236052	108239829	ATM	NM_000051	+	exon_63
chr11	108253482	108253902	C11orf65	NM_152587	-	exon_9
chr12	56086628	56086759	ITGA7	NM_002206	-	exon_21
chr12	56087805	56087907	ITGA7	NM_002206	-	exon_19
chr12	56088040	56088114	ITGA7	NM_002206	-	exon_18
chr12	56088040	56088114	ITGA7	NM_002206	-	exon_18
chr12	56088562	56088754	ITGA7	NM_002206	-	exon_15
chr12	56088562	56088754	ITGA7	NM_002206	-	exon_15
chr12	56093654	56093773	ITGA7	NM_002206	-	exon_5
chr12	56096835	56096962	ITGA7	NM_002206	-	exon_2
chr12	56101261	56101688	ITGA7	NM_002206	-	exon_1
chr12	56101261	56101688	ITGA7	NM_002206	-	exon_1
chr12	56101261	56101688	ITGA7	NM_002206	-	exon_1
chr12	56101261	56101688	ITGA7	NM_002206	-	exon_1
chr13	32332395	32332541	RXFP2	NM_130806	+	exon_2
chr13	32332395	32332541	RXFP2	NM_130806	+	exon_2
chr13	32339174	32339279	RXFP2	NM_130806	+	exon_4
chr13	32339174	32339279	RXFP2	NM_130806	+	exon_4
chr13	32340093	32340164	RXFP2	NM_130806	+	exon_5
chr13	32363259	32363330	RXFP2	NM_130806	+	exon_14
chr13	32363259	32363330	RXFP2	NM_130806	+	exon_14
chr13	32376283	32377526	RXFP2	NM_130806	+	exon_18
chr13	32376283	32377526	RXFP2	NM_130806	+	exon_18
chr14	75018890	75019096	LTBP2	NM_000428	-	exon_6
chr14	75018890	75019096	LTBP2	NM_000428	-	exon_6
chr16	2047655	2048586	ZNF598	NM_178167	-	exon_14
chr16	2047655	2048586	ZNF598	NM_178167	-	exon_14
chr16	2048703	2048853	ZNF598	NM_178167	-	exon_13
chr16	2050392	2050482	ZNF598	NM_178167	-	exon_10
chr16	2079583	2079783	NHERF2	NM_001130012	+	exon_2
chr16	2086325	2086504	NHERF2	NM_001130012	+	exon_3
chr16	2086729	2086882	NHERF2	NM_001130012	+	exon_4
chr16	2086729	2086882	NHERF2	NM_001130012	+	exon_4
chr16	2087827	2089027	NHERF2	NM_001130012	+	exon_7
chr16	2087827	2089027	NHERF2	NM_001130012	+	exon_7
chr16	2087827	2089027	NHERF2	NM_001130012	+	exon_7
chr16	2087827	2089027	NHERF2	NM_001130012	+	exon_7
chr16	2087827	2089027	NHERF2	NM_001130012	+	exon_7
chr16	23635330	23635415	PALB2	NM_024675	-	exon_8
chr16	23640961	23641790	PALB2	NM_024675	-	exon_5
chr16	69711106	69711238	NFAT5	NM_138713	+	exon_10
chr16	89805290	89805382	FANCA	NM_000135	-	exon_42
chr16	89816138	89816310	FANCA	NM_000135	-	exon_32
chr16	89816138	89816310	FANCA	NM_000135	-	exon_32
chr17	31258345	31258420	TMEM98	NM_015544	+	exon_2
chr17	31258493	31258677	TMEM98	NM_015544	+	exon_3
chr17	31260192	31260323	TMEM98	NM_015544	+	exon_4
chr17	31340106	31341084	ASIC2	NM_183377	-	exon_10
chr17	31340106	31341084	ASIC2	NM_183377	-	exon_10
chr17	31342989	31343057	ASIC2	NM_183377	-	exon_9
chr17	39519750	39520205	KRT33B	NM_002279	-	exon_7
chr17	39519750	39520205	KRT33B	NM_002279	-	exon_7
chr17	39525655	39526065	KRT33B	NM_002279	-	exon_1
chr17	39525655	39526065	KRT33B	NM_002279	-	exon_1
chr17	39723485	39724002	KRT9	NM_000226	-	exon_7
chr17	39723485	39724002	KRT9	NM_000226	-	exon_7
chr17	39723485	39724002	KRT9	NM_000226	-	exon_7
chr17	39723485	39724002	KRT9	NM_000226	-	exon_7
chr17	39724760	39724885	KRT9	NM_000226	-	exon_5
chr17	39724760	39724885	KRT9	NM_000226	-	exon_5
chr17	39725678	39725839	KRT9	NM_000226	-	exon_4
chr17	39725678	39725839	KRT9	NM_000226	-	exon_4
chr17	39727603	39728311	KRT9	NM_000226	-	exon_1
chr17	39727603	39728311	KRT9	NM_000226	-	exon_1
chr17	39727603	39728311	KRT9	NM_000226	-	exon_1
chr17	58733960	58734202	PPM1D	NM_003620	+	exon_5
chr17	61683673	61683800	TACO1	NM_016360	+	exon_3
chr17	61683673	61683800	TACO1	NM_016360	+	exon_3
chr17	61685162	61685725	TACO1	NM_016360	+	exon_5
chr17	61780192	61781111	STRADA	NM_001003787	-	exon_13
chr17	61780192	61781111	STRADA	NM_001003787	-	exon_13
chr17	61780192	61781111	STRADA	NM_001003787	-	exon_13
chr17	61780192	61781111	STRADA	NM_001003787	-	exon_13
chr17	61781701	61781942	STRADA	NM_001003787	-	exon_11
chr18	672860	673577	TYMS	NM_001071	+	exon_7
chr18	51056934	51062268	DCC	NM_005215	+	exon_29
chr18	51056934	51062268	DCC	NM_005215	+	exon_29
chr18	51056934	51062268	DCC	NM_005215	+	exon_29
chr18	51056934	51062268	DCC	NM_005215	+	exon_29
chr19	1205777	1207202	STK11	NM_000455	+	exon_1
chr19	1205777	1207202	STK11	NM_000455	+	exon_1
chr19	1205777	1207202	STK11	NM_000455	+	exon_1
chr19	1218416	1218499	STK11	NM_000455	+	exon_2
chr19	1219323	1219412	STK11	NM_000455	+	exon_3
chr19	1220372	1220504	STK11	NM_000455	+	exon_4
chr19	1220372	1220504	STK11	NM_000455	+	exon_4
chr19	1220580	1220716	STK11	NM_000455	+	exon_5
chr19	1220580	1220716	STK11	NM_000455	+	exon_5
chr19	1221212	1221339	STK11	NM_000455	+	exon_6
chr19	1221212	1221339	STK11	NM_000455	+	exon_6
chr19	1221948	1222005	STK11	NM_000455	+	exon_7
chr19	1222984	1223171	STK11	NM_000455	+	exon_8
chr19	1222984	1223171	STK11	NM_000455	+	exon_8
chr19	1226453	1226662	STK11	NM_000455	+	exon_9
chr19	1226453	1226662	STK11	NM_000455	+	exon_9
chr19	1227592	1228430	STK11	NM_000455	+	exon_10
chr19	1227592	1228430	STK11	NM_000455	+	exon_10
chr19	1227592	1228430	STK11	NM_000455	+	exon_10
chr19	3094360	3094785	GNA11	NM_002067	+	exon_1
chr19	3094360	3094785	GNA11	NM_002067	+	exon_1
chr19	3110147	3110331	GNA11	NM_002067	+	exon_2
chr19	3110147	3110331	GNA11	NM_002067	+	exon_2
chr19	3113328	3113482	GNA11	NM_002067	+	exon_3
chr19	3113328	3113482	GNA11	NM_002067	+	exon_3
chr19	3114942	3115070	GNA11	NM_002067	+	exon_4
chr19	3114942	3115070	GNA11	NM_002067	+	exon_4
chr19	3118922	3119051	GNA11	NM_002067	+	exon_5
chr19	3118922	3119051	GNA11	NM_002067	+	exon_5
chr19	3119204	3119357	GNA11	NM_002067	+	exon_6
chr19	3119204	3119357	GNA11	NM_002067	+	exon_6
chr19	3120987	3123996	GNA11	NM_002067	+	exon_7
chr19	3120987	3123996	GNA11	NM_002067	+	exon_7
chr19	3120987	3123996	GNA11	NM_002067	+	exon_7
chr19	50399072	50399310	IL4I1	NM_152899	-	exon_3
chr19	50399405	50399439	IL4I1	NM_152899	-	exon_2
