chr1	11166592	11167557	MTOR	E58	4085	714	965	0.7398964
chr1	11199361	11199492	MTOR	E36	8657	131	131	1.0
chr1	11199590	11199715	MTOR	E35	8752	125	125	1.0
chr1	11204705	11204812	MTOR	E34	5152	107	107	1.0
chr1	11259315	11259460	MTOR	E28	9448	145	145	1.0
chr1	162749902	162757195	DDR2	E18	9923	635	7293	0.0870698
chr1	204518241	204527248	MDM4	E11	20592	1004	9007	0.1114689
chr3	37048482	37048554	MLH1	E5	2874	72	72	1.0
chr4	1801474	1801539	FGFR3	E4	4220	65	65	1.0
chr4	1803094	1803263	FGFR3	E5	10378	169	169	1.0
chr4	1803562	1803752	FGFR3	E7	9711	190	190	1.0
chr4	1805419	1805563	FGFR3	E8	6575	144	144	1.0
chr4	1806057	1806247	FGFR3	E9	7030	190	190	1.0
chr4	1806551	1806696	FGFR3	E10	7179	145	145	1.0
chr4	1807082	1807203	FGFR3	E11	7005	121	121	1.0
chr4	1807286	1807396	FGFR3	E12	6333	110	110	1.0
chr4	25665824	25665952	SLC34A2	E4	5092	128	128	1.0
chr5	218435	218533	SDHA	E1	4468	98	98	1.0
chr5	224475	224636	SDHA	E3	6672	161	161	1.0
chr5	225534	225677	SDHA	E4	6370	143	143	1.0
chr5	225998	226162	SDHA	E5	10452	164	164	1.0
chr5	228300	228448	SDHA	E6	8460	148	148	1.0
chr5	230991	231115	SDHA	E7	8485	124	124	1.0
chr5	233592	233760	SDHA	E8	9691	168	168	1.0
chr5	235259	235454	SDHA	E9	10040	195	195	1.0
chr5	236543	236714	SDHA	E10	9865	171	171	1.0
chr5	240473	240591	SDHA	E11	5493	118	118	1.0
chr5	251453	251583	SDHA	E13	9160	130	130	1.0
chr5	254508	254621	SDHA	E14	5084	113	113	1.0
chr5	1294886	1295183	TERT	E1	3192	297	297	1.0
chr5	7870883	7871036	MTRR	E2	5281	153	153	1.0
chr6	18128545	18131011	TPMT	E9	5245	495	2466	0.2007299
chr6	32816767	32816895	TAP1	E6	4231	128	128	1.0
chr9	5021963	5022213	JAK2	E3	9372	250	250	1.0
chr9	5029783	5029906	JAK2	E4	7113	123	123	1.0
chr9	5044403	5044520	JAK2	E5	4973	117	117	1.0
chr9	5050686	5050831	JAK2	E6	8634	145	145	1.0
chr9	5054563	5054884	JAK2	E7	12003	321	321	1.0
chr9	5055669	5055788	JAK2	E8	4056	119	119	1.0
chr9	5064883	5065040	JAK2	E9	7529	157	157	1.0
chr9	5066678	5066789	JAK2	E10	4095	111	111	1.0
chr9	5069022	5069208	JAK2	E11	7647	186	186	1.0
chr9	5069925	5070052	JAK2	E12	7065	127	127	1.0
chr9	5072492	5072626	JAK2	E13	9052	134	134	1.0
chr9	5073698	5073785	JAK2	E14	6049	87	87	1.0
chr9	5077453	5077580	JAK2	E15	2228	127	127	1.0
chr9	5078306	5078444	JAK2	E16	7498	138	138	1.0
chr9	5080229	5080380	JAK2	E17	8254	151	151	1.0
chr9	5080533	5080683	JAK2	E18	7202	150	150	1.0
chr9	5081725	5081861	JAK2	E19	8150	136	136	1.0
chr9	5089674	5089863	JAK2	E20	7549	189	189	1.0
chr9	5090446	5090570	JAK2	E21	6712	124	124	1.0
chr9	5090739	5090911	JAK2	E22	6333	172	172	1.0
chr9	5123004	5123121	JAK2	E23	4035	117	117	1.0
chr9	5126333	5126446	JAK2	E24	4300	113	113	1.0
chr9	5126684	5129944	JAK2	E25	4741	969	3260	0.2972393
chr9	21967751	21968241	CDKN2A	E3	4416	443	490	0.9040816
chr9	21970901	21971207	CDKN2A	E2	15943	306	306	1.0
chr9	21974677	21974856	CDKN2A	E1	8633	179	179	1.0
chr11	532631	532755	HRAS	E5	4712	124	124	1.0
chr11	533453	533612	HRAS	E4	12016	159	159	1.0
chr11	533766	533944	HRAS	E3	10408	178	178	1.0
chr11	534212	534375	HRAS	E2	4912	163	163	1.0
chr11	108235809	108235945	ATM	E62	13458	136	136	1.0
chr11	108236052	108239829	ATM	E63	19553	1202	3777	0.318242
chr16	23635330	23635415	PALB2	E8	3709	85	85	1.0
chr16	23640961	23641790	PALB2	E5	29146	829	829	1.0
chr16	89805290	89805382	FANCA	E42	8541	92	92	1.0
chr16	89816138	89816310	FANCA	E32	9429	172	172	1.0
chr18	672860	673577	TYMS	E7	2779	579	717	0.8075314
chr19	1205777	1207202	STK11	E1	14412	972	1425	0.6821052
chr19	1218416	1218499	STK11	E2	3068	83	83	1.0
chr19	1219323	1219412	STK11	E3	3851	89	89	1.0
chr19	1220372	1220504	STK11	E4	7985	132	132	1.0
chr19	1220580	1220716	STK11	E5	8643	136	136	1.0
chr19	1221212	1221339	STK11	E6	6505	127	127	1.0
chr19	1221948	1222005	STK11	E7	4251	57	57	1.0
chr19	1222984	1223171	STK11	E8	8736	187	187	1.0
chr19	1226453	1226662	STK11	E9	7042	209	209	1.0
chr19	1227592	1228430	STK11	E10	11556	650	838	0.7756563
chr19	3094360	3094785	GNA11	E1	4455	351	425	0.8258824
chr19	3110147	3110331	GNA11	E2	7881	184	184	1.0
chr19	3113328	3113482	GNA11	E3	7759	154	154	1.0
chr19	3114942	3115070	GNA11	E4	7236	128	128	1.0
chr19	3118922	3119051	GNA11	E5	6550	129	129	1.0
chr19	3119204	3119357	GNA11	E6	8426	153	153	1.0
chr19	3120987	3123996	GNA11	E7	10995	1112	3009	0.369558
